[daemon 10:20:24] loop mode, every 120s (ctrl-c to stop)
[daemon 10:20:26] queue LIVE — runs in flight; polled + finalized what's done.
[daemon 10:22:27] queue LIVE — runs in flight; polled + finalized what's done.
[daemon 10:24:29] queue LIVE — runs in flight; polled + finalized what's done.
Traceback (most recent call last):
  File "<stdin>", line 94, in <module>
  File "<stdin>", line 16, in save_cache
FileNotFoundError: [Errno 2] No such file or directory: '/Users/vukrosic/my-life/voidspark/autoresearch/baseline-cache.json'
[daemon 10:27:04] queue LIVE — runs in flight; polled + finalized what's done.
[daemon 10:29:06] queue LIVE — runs in flight; polled + finalized what's done.
[daemon 10:31:07] queue LIVE — runs in flight; polled + finalized what's done.
[daemon 10:33:08] queue LIVE — runs in flight; polled + finalized what's done.
[daemon 10:35:11] reclaim 208-value-residual-alibi (running, stale 29691995m, no live queue)
208-value-residual-alibi: running -> needs-run (round 1) logged
[daemon 10:35:11] SKIP 184-logit-scale: no run.json (implementer must emit it)
[daemon 10:35:11] SKIP 189-cos-attn: no run.json (implementer must emit it)
[daemon 10:35:11] SKIP 191-relu-attn: no run.json (implementer must emit it)
[daemon 10:35:11] SKIP 194-embed-sqrt-d: no run.json (implementer must emit it)
[daemon 10:35:11] SKIP 195-mid-attn-rmsnorm: no run.json (implementer must emit it)
208-value-residual-alibi: needs-run -> running (round 1) logged
Updating 323795e..5f41cd1
[daemon 10:35:29] baseline: MEASURE 5b8a7fea8963 no-entry-for-box (NVIDIA GeForce RTX 3060|8.6|580.159.03) -> MEASURE path
duplicate session: arq
[daemon 10:35:43] launched MEASURE queue: 1 treatments in detached arq tmux
[daemon 10:37:44] queue LIVE — runs in flight; polled + finalized what's done.
[daemon 10:39:45] queue LIVE — runs in flight; polled + finalized what's done.
Traceback (most recent call last):
  File "<stdin>", line 94, in <module>
  File "<stdin>", line 16, in save_cache
FileNotFoundError: [Errno 2] No such file or directory: '/Users/vukrosic/my-life/voidspark/autoresearch/baseline-cache.json'
[daemon 10:41:47] queue LIVE — runs in flight; polled + finalized what's done.
Traceback (most recent call last):
  File "<stdin>", line 94, in <module>
  File "<stdin>", line 16, in save_cache
FileNotFoundError: [Errno 2] No such file or directory: '/Users/vukrosic/my-life/voidspark/autoresearch/baseline-cache.json'
[daemon 10:43:49] queue LIVE — runs in flight; polled + finalized what's done.
Traceback (most recent call last):
  File "<stdin>", line 94, in <module>
  File "<stdin>", line 16, in save_cache
FileNotFoundError: [Errno 2] No such file or directory: '/Users/vukrosic/my-life/voidspark/autoresearch/baseline-cache.json'
[daemon 10:45:58] queue LIVE — runs in flight; polled + finalized what's done.
[daemon 11:10:07] master handshake throttled/failed, backoff 1x
[daemon 11:10:19] master handshake throttled/failed, backoff 2x
[daemon 11:10:36] master handshake throttled/failed, backoff 3x
[daemon 11:10:59] master handshake throttled/failed, backoff 4x
[daemon 11:11:28] master handshake throttled/failed, backoff 5x
[daemon 11:11:58] box 1.208.108.242:52646 unreachable — skipping tick (no claims)
[daemon 11:14:03] master handshake throttled/failed, backoff 1x
[daemon 11:14:14] master handshake throttled/failed, backoff 2x
[daemon 11:14:31] master handshake throttled/failed, backoff 3x
[daemon 11:14:54] master handshake throttled/failed, backoff 4x
[daemon 11:15:23] master handshake throttled/failed, backoff 5x
[daemon 11:15:53] box 1.208.108.242:52646 unreachable — skipping tick (no claims)
[daemon 11:17:58] master handshake throttled/failed, backoff 1x
[daemon 11:18:09] master handshake throttled/failed, backoff 2x
[daemon 11:18:26] master handshake throttled/failed, backoff 3x
[daemon 11:18:49] master handshake throttled/failed, backoff 4x
[daemon 11:19:18] master handshake throttled/failed, backoff 5x
[daemon 11:19:48] box 1.208.108.242:52646 unreachable — skipping tick (no claims)
[daemon 11:21:50] queue LIVE — runs in flight; polled + finalized what's done.
[daemon 11:23:51] queue LIVE — runs in flight; polled + finalized what's done.
Traceback (most recent call last):
  File "<stdin>", line 94, in <module>
  File "<stdin>", line 16, in save_cache
FileNotFoundError: [Errno 2] No such file or directory: '/Users/vukrosic/my-life/voidspark/autoresearch/baseline-cache.json'
[daemon 11:25:53] queue LIVE — runs in flight; polled + finalized what's done.
