[daemon 06:07:58] loop mode, every 120s (ctrl-c to stop)
[daemon 06:07:59] queue LIVE — runs in flight; polled + finalized what's done.
[daemon 06:10:00] queue LIVE — runs in flight; polled + finalized what's done.
279-deepnet-poly-alibi-qk-layernorm: running -> done (round 1) logged
[daemon 06:12:03] 279-deepnet-poly-alibi-qk-layernorm — NULL Δ-0.0131
[daemon 06:12:03] SKIP 184-logit-scale: no run.json (implementer must emit it)
[daemon 06:12:03] SKIP 189-cos-attn: no run.json (implementer must emit it)
[daemon 06:12:04] SKIP 191-relu-attn: no run.json (implementer must emit it)
[daemon 06:12:04] SKIP 194-embed-sqrt-d: no run.json (implementer must emit it)
[daemon 06:12:04] SKIP 195-mid-attn-rmsnorm: no run.json (implementer must emit it)
[daemon 06:12:04] SKIP 205-per-head-mult-logit-scale: no run.json (implementer must emit it)
[daemon 06:12:04] SKIP 220-bit-linear-b158: no run.json (implementer must emit it)
[daemon 06:12:04] GPU IDLE: no needs-run candidates with a valid run.json — upstream starving
[daemon 06:14:06] SKIP 184-logit-scale: no run.json (implementer must emit it)
[daemon 06:14:06] SKIP 189-cos-attn: no run.json (implementer must emit it)
[daemon 06:14:06] SKIP 191-relu-attn: no run.json (implementer must emit it)
[daemon 06:14:06] SKIP 194-embed-sqrt-d: no run.json (implementer must emit it)
[daemon 06:14:06] SKIP 195-mid-attn-rmsnorm: no run.json (implementer must emit it)
[daemon 06:14:06] SKIP 205-per-head-mult-logit-scale: no run.json (implementer must emit it)
[daemon 06:14:06] SKIP 220-bit-linear-b158: no run.json (implementer must emit it)
[daemon 06:14:06] GPU IDLE: no needs-run candidates with a valid run.json — upstream starving
[daemon 06:16:07] SKIP 184-logit-scale: no run.json (implementer must emit it)
[daemon 06:16:07] SKIP 189-cos-attn: no run.json (implementer must emit it)
[daemon 06:16:07] SKIP 191-relu-attn: no run.json (implementer must emit it)
[daemon 06:16:07] SKIP 194-embed-sqrt-d: no run.json (implementer must emit it)
[daemon 06:16:07] SKIP 195-mid-attn-rmsnorm: no run.json (implementer must emit it)
[daemon 06:16:07] SKIP 205-per-head-mult-logit-scale: no run.json (implementer must emit it)
[daemon 06:16:08] SKIP 220-bit-linear-b158: no run.json (implementer must emit it)
[daemon 06:16:08] GPU IDLE: no needs-run candidates with a valid run.json — upstream starving
[daemon 06:18:09] SKIP 184-logit-scale: no run.json (implementer must emit it)
[daemon 06:18:09] SKIP 189-cos-attn: no run.json (implementer must emit it)
[daemon 06:18:09] SKIP 191-relu-attn: no run.json (implementer must emit it)
[daemon 06:18:09] SKIP 194-embed-sqrt-d: no run.json (implementer must emit it)
[daemon 06:18:09] SKIP 195-mid-attn-rmsnorm: no run.json (implementer must emit it)
[daemon 06:18:10] SKIP 205-per-head-mult-logit-scale: no run.json (implementer must emit it)
[daemon 06:18:10] SKIP 220-bit-linear-b158: no run.json (implementer must emit it)
[daemon 06:18:10] GPU IDLE: no needs-run candidates with a valid run.json — upstream starving
[daemon 06:18:27] loop mode, every 120s (ctrl-c to stop)
[daemon 06:18:28] SKIP 184-logit-scale: no run.json (implementer must emit it)
[daemon 06:18:28] SKIP 189-cos-attn: no run.json (implementer must emit it)
[daemon 06:18:28] SKIP 191-relu-attn: no run.json (implementer must emit it)
[daemon 06:18:28] SKIP 194-embed-sqrt-d: no run.json (implementer must emit it)
[daemon 06:18:28] SKIP 195-mid-attn-rmsnorm: no run.json (implementer must emit it)
[daemon 06:18:28] SKIP 205-per-head-mult-logit-scale: no run.json (implementer must emit it)
[daemon 06:18:28] SKIP 220-bit-linear-b158: no run.json (implementer must emit it)
[daemon 06:18:28] GPU IDLE: no needs-run candidates with a valid run.json — upstream starving
